0 info it worked if it ends with ok
1 verbose cli [ '/usr/local/bin/node', '/usr/local/bin/npm', 'install' ]
2 info using npm@3.10.8
3 info using node@v6.9.1
4 silly loadCurrentTree Starting
5 silly install loadCurrentTree
6 silly install readLocalPackageData
7 silly install normalizeTree
8 silly loadCurrentTree Finishing
9 silly loadIdealTree Starting
10 silly install loadIdealTree
11 silly cloneCurrentTree Starting
12 silly install cloneCurrentTreeToIdealTree
13 silly cloneCurrentTree Finishing
14 silly loadShrinkwrap Starting
15 silly install loadShrinkwrap
16 silly loadShrinkwrap Finishing
17 silly loadAllDepsIntoIdealTree Starting
18 silly install loadAllDepsIntoIdealTree
19 silly fetchOtherPackageData webpack-stream@github:jeroennoten/webpack-stream#patch-1
20 silly cache add args [ 'webpack-stream@github:jeroennoten/webpack-stream#patch-1',
20 silly cache add   null ]
21 verbose cache add spec webpack-stream@github:jeroennoten/webpack-stream#patch-1
22 silly cache add parsed spec Result {
22 silly cache add   raw: 'webpack-stream@github:jeroennoten/webpack-stream#patch-1',
22 silly cache add   scope: null,
22 silly cache add   escapedName: 'webpack-stream',
22 silly cache add   name: 'webpack-stream',
22 silly cache add   rawSpec: 'github:jeroennoten/webpack-stream#patch-1',
22 silly cache add   spec: 'github:jeroennoten/webpack-stream#patch-1',
22 silly cache add   type: 'hosted',
22 silly cache add   hosted:
22 silly cache add    { type: 'github',
22 silly cache add      ssh: 'git@github.com:jeroennoten/webpack-stream.git#patch-1',
22 silly cache add      sshUrl: 'git+ssh://git@github.com/jeroennoten/webpack-stream.git#patch-1',
22 silly cache add      httpsUrl: 'git+https://github.com/jeroennoten/webpack-stream.git#patch-1',
22 silly cache add      gitUrl: 'git://github.com/jeroennoten/webpack-stream.git#patch-1',
22 silly cache add      shortcut: 'github:jeroennoten/webpack-stream#patch-1',
22 silly cache add      directUrl: 'https://raw.githubusercontent.com/jeroennoten/webpack-stream/patch-1/package.json' } }
23 verbose addRemoteGit caching github:jeroennoten/webpack-stream#patch-1
24 verbose addRemoteGit jeroennoten/webpack-stream#patch-1 is a repository hosted by github
25 silly tryGitProto attempting to clone git://github.com/jeroennoten/webpack-stream.git#patch-1
26 silly tryClone cloning jeroennoten/webpack-stream#patch-1 via git://github.com/jeroennoten/webpack-stream.git#patch-1
27 verbose tryClone git-github-com-jeroennoten-webpack-stream-git-patch-1-5e1462f4 not in flight; caching
28 verbose correctMkdir /Users/jasonkinney/.npm/_git-remotes correctMkdir not in flight; initializing
29 info git [ 'config', '--get', 'remote.origin.url' ]
30 warn addRemoteGit jeroennoten/webpack-stream#patch-1 resetting remote /Users/jasonkinney/.npm/_git-remotes/git-github-com-jeroennoten-webpack-stream-git-patch-1-5e1462f4 because of error: xcrun: error: invalid active developer path (/Library/Developer/CommandLineTools), missing xcrun at: /Library/Developer/CommandLineTools/usr/bin/xcrun
31 info resetRemote resetting /Users/jasonkinney/.npm/_git-remotes/git-github-com-jeroennoten-webpack-stream-git-patch-1-5e1462f4 for jeroennoten/webpack-stream#patch-1
32 silly gentlyRm /Users/jasonkinney/.npm/_git-remotes/git-github-com-jeroennoten-webpack-stream-git-patch-1-5e1462f4 is being purged
33 verbose gentlyRm don't care about contents; nuking /Users/jasonkinney/.npm/_git-remotes/git-github-com-jeroennoten-webpack-stream-git-patch-1-5e1462f4
34 silly vacuum-fs purging /Users/jasonkinney/.npm/_git-remotes/git-github-com-jeroennoten-webpack-stream-git-patch-1-5e1462f4
35 silly vacuum-fs quitting because other entries in /Users/jasonkinney/.npm/_git-remotes
36 info git [ 'clone',
36 info git   '--template=/Users/jasonkinney/.npm/_git-remotes/_templates',
36 info git   '--mirror',
36 info git   'git://github.com/jeroennoten/webpack-stream.git',
36 info git   '/Users/jasonkinney/.npm/_git-remotes/git-github-com-jeroennoten-webpack-stream-git-patch-1-5e1462f4' ]
37 error git clone --template=/Users/jasonkinney/.npm/_git-remotes/_templates --mirror git://github.com/jeroennoten/webpack-stream.git /Users/jasonkinney/.npm/_git-remotes/git-github-com-jeroennoten-webpack-stream-git-patch-1-5e1462f4: xcrun: error: invalid active developer path (/Library/Developer/CommandLineTools), missing xcrun at: /Library/Developer/CommandLineTools/usr/bin/xcrun
38 silly tryHTTPS attempting to clone git+https://github.com/jeroennoten/webpack-stream.git#patch-1
39 silly tryClone cloning jeroennoten/webpack-stream#patch-1 via git+https://github.com/jeroennoten/webpack-stream.git#patch-1
40 verbose tryClone git-https-github-com-jeroennoten-webpack-stream-git-patch-1-60be6dae not in flight; caching
41 verbose correctMkdir /Users/jasonkinney/.npm/_git-remotes correctMkdir not in flight; initializing
42 info git [ 'config', '--get', 'remote.origin.url' ]
43 warn addRemoteGit jeroennoten/webpack-stream#patch-1 resetting remote /Users/jasonkinney/.npm/_git-remotes/git-https-github-com-jeroennoten-webpack-stream-git-patch-1-60be6dae because of error: xcrun: error: invalid active developer path (/Library/Developer/CommandLineTools), missing xcrun at: /Library/Developer/CommandLineTools/usr/bin/xcrun
44 info resetRemote resetting /Users/jasonkinney/.npm/_git-remotes/git-https-github-com-jeroennoten-webpack-stream-git-patch-1-60be6dae for jeroennoten/webpack-stream#patch-1
45 silly gentlyRm /Users/jasonkinney/.npm/_git-remotes/git-https-github-com-jeroennoten-webpack-stream-git-patch-1-60be6dae is being purged
46 verbose gentlyRm don't care about contents; nuking /Users/jasonkinney/.npm/_git-remotes/git-https-github-com-jeroennoten-webpack-stream-git-patch-1-60be6dae
47 silly vacuum-fs purging /Users/jasonkinney/.npm/_git-remotes/git-https-github-com-jeroennoten-webpack-stream-git-patch-1-60be6dae
48 silly vacuum-fs quitting because other entries in /Users/jasonkinney/.npm/_git-remotes
49 info git [ 'clone',
49 info git   '--template=/Users/jasonkinney/.npm/_git-remotes/_templates',
49 info git   '--mirror',
49 info git   'https://github.com/jeroennoten/webpack-stream.git',
49 info git   '/Users/jasonkinney/.npm/_git-remotes/git-https-github-com-jeroennoten-webpack-stream-git-patch-1-60be6dae' ]
50 error git clone --template=/Users/jasonkinney/.npm/_git-remotes/_templates --mirror https://github.com/jeroennoten/webpack-stream.git /Users/jasonkinney/.npm/_git-remotes/git-https-github-com-jeroennoten-webpack-stream-git-patch-1-60be6dae: xcrun: error: invalid active developer path (/Library/Developer/CommandLineTools), missing xcrun at: /Library/Developer/CommandLineTools/usr/bin/xcrun
51 silly trySSH attempting to clone git@github.com:jeroennoten/webpack-stream.git#patch-1
52 silly tryClone cloning jeroennoten/webpack-stream#patch-1 via git@github.com:jeroennoten/webpack-stream.git#patch-1
53 verbose tryClone git-github-com-jeroennoten-webpack-stream-git-patch-1-b24e730a not in flight; caching
54 verbose correctMkdir /Users/jasonkinney/.npm/_git-remotes correctMkdir not in flight; initializing
55 info git [ 'config', '--get', 'remote.origin.url' ]
56 warn addRemoteGit jeroennoten/webpack-stream#patch-1 resetting remote /Users/jasonkinney/.npm/_git-remotes/git-github-com-jeroennoten-webpack-stream-git-patch-1-b24e730a because of error: xcrun: error: invalid active developer path (/Library/Developer/CommandLineTools), missing xcrun at: /Library/Developer/CommandLineTools/usr/bin/xcrun
57 info resetRemote resetting /Users/jasonkinney/.npm/_git-remotes/git-github-com-jeroennoten-webpack-stream-git-patch-1-b24e730a for jeroennoten/webpack-stream#patch-1
58 silly gentlyRm /Users/jasonkinney/.npm/_git-remotes/git-github-com-jeroennoten-webpack-stream-git-patch-1-b24e730a is being purged
59 verbose gentlyRm don't care about contents; nuking /Users/jasonkinney/.npm/_git-remotes/git-github-com-jeroennoten-webpack-stream-git-patch-1-b24e730a
60 silly vacuum-fs purging /Users/jasonkinney/.npm/_git-remotes/git-github-com-jeroennoten-webpack-stream-git-patch-1-b24e730a
61 silly vacuum-fs quitting because other entries in /Users/jasonkinney/.npm/_git-remotes
62 info git [ 'clone',
62 info git   '--template=/Users/jasonkinney/.npm/_git-remotes/_templates',
62 info git   '--mirror',
62 info git   'git@github.com:jeroennoten/webpack-stream.git',
62 info git   '/Users/jasonkinney/.npm/_git-remotes/git-github-com-jeroennoten-webpack-stream-git-patch-1-b24e730a' ]
63 error git clone --template=/Users/jasonkinney/.npm/_git-remotes/_templates --mirror git@github.com:jeroennoten/webpack-stream.git /Users/jasonkinney/.npm/_git-remotes/git-github-com-jeroennoten-webpack-stream-git-patch-1-b24e730a: xcrun: error: invalid active developer path (/Library/Developer/CommandLineTools), missing xcrun at: /Library/Developer/CommandLineTools/usr/bin/xcrun
64 silly fetchPackageMetaData Error: Command failed: git clone --template=/Users/jasonkinney/.npm/_git-remotes/_templates --mirror git@github.com:jeroennoten/webpack-stream.git /Users/jasonkinney/.npm/_git-remotes/git-github-com-jeroennoten-webpack-stream-git-patch-1-b24e730a
64 silly fetchPackageMetaData xcrun: error: invalid active developer path (/Library/Developer/CommandLineTools), missing xcrun at: /Library/Developer/CommandLineTools/usr/bin/xcrun
64 silly fetchPackageMetaData
64 silly fetchPackageMetaData     at ChildProcess.exithandler (child_process.js:206:12)
64 silly fetchPackageMetaData     at emitTwo (events.js:106:13)
64 silly fetchPackageMetaData     at ChildProcess.emit (events.js:191:7)
64 silly fetchPackageMetaData     at maybeClose (internal/child_process.js:877:16)
64 silly fetchPackageMetaData     at Socket.<anonymous> (internal/child_process.js:334:11)
64 silly fetchPackageMetaData     at emitOne (events.js:96:13)
64 silly fetchPackageMetaData     at Socket.emit (events.js:188:7)
64 silly fetchPackageMetaData     at Pipe._handle.close [as _onclose] (net.js:498:12)
64 silly fetchPackageMetaData  error for webpack-stream@github:jeroennoten/webpack-stream#patch-1 { Error: Command failed: git clone --template=/Users/jasonkinney/.npm/_git-remotes/_templates --mirror git@github.com:jeroennoten/webpack-stream.git /Users/jasonkinney/.npm/_git-remotes/git-github-com-jeroennoten-webpack-stream-git-patch-1-b24e730a
64 silly fetchPackageMetaData xcrun: error: invalid active developer path (/Library/Developer/CommandLineTools), missing xcrun at: /Library/Developer/CommandLineTools/usr/bin/xcrun
64 silly fetchPackageMetaData
64 silly fetchPackageMetaData     at ChildProcess.exithandler (child_process.js:206:12)
64 silly fetchPackageMetaData     at emitTwo (events.js:106:13)
64 silly fetchPackageMetaData     at ChildProcess.emit (events.js:191:7)
64 silly fetchPackageMetaData     at maybeClose (internal/child_process.js:877:16)
64 silly fetchPackageMetaData     at Socket.<anonymous> (internal/child_process.js:334:11)
64 silly fetchPackageMetaData     at emitOne (events.js:96:13)
64 silly fetchPackageMetaData     at Socket.emit (events.js:188:7)
64 silly fetchPackageMetaData     at Pipe._handle.close [as _onclose] (net.js:498:12)
64 silly fetchPackageMetaData   killed: false,
64 silly fetchPackageMetaData   code: 1,
64 silly fetchPackageMetaData   signal: null,
64 silly fetchPackageMetaData   cmd: 'git clone --template=/Users/jasonkinney/.npm/_git-remotes/_templates --mirror git@github.com:jeroennoten/webpack-stream.git /Users/jasonkinney/.npm/_git-remotes/git-github-com-jeroennoten-webpack-stream-git-patch-1-b24e730a' }
65 silly rollbackFailedOptional Starting
66 silly rollbackFailedOptional Finishing
67 silly runTopLevelLifecycles Finishing
68 silly install printInstalled
69 verbose stack Error: Command failed: git clone --template=/Users/jasonkinney/.npm/_git-remotes/_templates --mirror git@github.com:jeroennoten/webpack-stream.git /Users/jasonkinney/.npm/_git-remotes/git-github-com-jeroennoten-webpack-stream-git-patch-1-b24e730a
69 verbose stack xcrun: error: invalid active developer path (/Library/Developer/CommandLineTools), missing xcrun at: /Library/Developer/CommandLineTools/usr/bin/xcrun
69 verbose stack
69 verbose stack     at ChildProcess.exithandler (child_process.js:206:12)
69 verbose stack     at emitTwo (events.js:106:13)
69 verbose stack     at ChildProcess.emit (events.js:191:7)
69 verbose stack     at maybeClose (internal/child_process.js:877:16)
69 verbose stack     at Socket.<anonymous> (internal/child_process.js:334:11)
69 verbose stack     at emitOne (events.js:96:13)
69 verbose stack     at Socket.emit (events.js:188:7)
69 verbose stack     at Pipe._handle.close [as _onclose] (net.js:498:12)
70 verbose cwd /Users/jasonkinney/Desktop/Sites/board
71 error Darwin 16.1.0
72 error argv "/usr/local/bin/node" "/usr/local/bin/npm" "install"
73 error node v6.9.1
74 error npm  v3.10.8
75 error code 1
76 error Command failed: git clone --template=/Users/jasonkinney/.npm/_git-remotes/_templates --mirror git@github.com:jeroennoten/webpack-stream.git /Users/jasonkinney/.npm/_git-remotes/git-github-com-jeroennoten-webpack-stream-git-patch-1-b24e730a
76 error xcrun: error: invalid active developer path (/Library/Developer/CommandLineTools), missing xcrun at: /Library/Developer/CommandLineTools/usr/bin/xcrun
77 error If you need help, you may report this error at:
77 error     <https://github.com/npm/npm/issues>
78 verbose exit [ 1, true ]
